<?xml version="1.0" encoding="UTF-8"?>
<testsuite name="jspboard.board.jspboard.service.BoardServiceTest" tests="1" skipped="0" failures="0" errors="0" timestamp="2023-11-15T23:13:52" hostname="DESKTOP-RA11930" time="0.345">
  <properties/>
  <testcase name="데이터저장()" classname="jspboard.board.jspboard.service.BoardServiceTest" time="0.345"/>
  <system-out><![CDATA[08:13:50.025 [Test worker] INFO org.springframework.test.context.support.AnnotationConfigContextLoaderUtils -- Could not detect default configuration classes for test class [jspboard.board.jspboard.service.BoardServiceTest]: BoardServiceTest does not declare any static, non-private, non-final, nested classes annotated with @Configuration.
08:13:50.086 [Test worker] INFO org.springframework.boot.test.context.SpringBootTestContextBootstrapper -- Found @SpringBootConfiguration jspboard.board.jspboard.JspboardApplication for test class jspboard.board.jspboard.service.BoardServiceTest

  .   ____          _            __ _ _
 /\\ / ___'_ __ _ _(_)_ __  __ _ \ \ \ \
( ( )\___ | '_ | '_| | '_ \/ _` | \ \ \ \
 \\/  ___)| |_)| | | | | || (_| |  ) ) ) )
  '  |____| .__|_| |_|_| |_\__, | / / / /
 =========|_|==============|___/=/_/_/_/
 :: Spring Boot ::                (v3.1.5)

2023-11-16T08:13:50.318+09:00  INFO 11320 --- [    Test worker] j.b.jspboard.service.BoardServiceTest    : Starting BoardServiceTest using Java 17.0.8 with PID 11320 (started by User in C:\Users\User\IdeaProjects\Spring_JSP\jspboard\jspboard)
2023-11-16T08:13:50.319+09:00  INFO 11320 --- [    Test worker] j.b.jspboard.service.BoardServiceTest    : No active profile set, falling back to 1 default profile: "default"
2023-11-16T08:13:50.340+09:00 DEBUG 11320 --- [    Test worker] o.s.w.c.s.GenericWebApplicationContext   : Refreshing org.springframework.web.context.support.GenericWebApplicationContext@6872f9c8
2023-11-16T08:13:50.660+09:00  INFO 11320 --- [    Test worker] .s.d.r.c.RepositoryConfigurationDelegate : Bootstrapping Spring Data JPA repositories in DEFAULT mode.
2023-11-16T08:13:50.676+09:00  INFO 11320 --- [    Test worker] .s.d.r.c.RepositoryConfigurationDelegate : Finished Spring Data repository scanning in 9 ms. Found 0 JPA repository interfaces.
2023-11-16T08:13:50.906+09:00  INFO 11320 --- [    Test worker] o.hibernate.jpa.internal.util.LogHelper  : HHH000204: Processing PersistenceUnitInfo [name: default]
2023-11-16T08:13:50.942+09:00  INFO 11320 --- [    Test worker] org.hibernate.Version                    : HHH000412: Hibernate ORM core version 6.2.13.Final
2023-11-16T08:13:50.944+09:00  INFO 11320 --- [    Test worker] org.hibernate.cfg.Environment            : HHH000406: Using bytecode reflection optimizer
2023-11-16T08:13:51.118+09:00  INFO 11320 --- [    Test worker] o.s.o.j.p.SpringPersistenceUnitInfo      : No LoadTimeWeaver setup: ignoring JPA class transformer
2023-11-16T08:13:51.140+09:00  INFO 11320 --- [    Test worker] com.zaxxer.hikari.HikariDataSource       : HikariPool-1 - Starting...
2023-11-16T08:13:51.186+09:00  INFO 11320 --- [    Test worker] com.zaxxer.hikari.pool.HikariPool        : HikariPool-1 - Added connection conn0: url=jdbc:h2:tcp://localhost/~/jspboard user=SA
2023-11-16T08:13:51.187+09:00  INFO 11320 --- [    Test worker] com.zaxxer.hikari.HikariDataSource       : HikariPool-1 - Start completed.
2023-11-16T08:13:51.679+09:00  INFO 11320 --- [    Test worker] o.h.e.t.j.p.i.JtaPlatformInitiator       : HHH000489: No JTA platform available (set 'hibernate.transaction.jta.platform' to enable JTA platform integration)
2023-11-16T08:13:51.688+09:00 DEBUG 11320 --- [    Test worker] org.hibernate.SQL                        : 
    drop table if exists board cascade 
2023-11-16T08:13:51.689+09:00 DEBUG 11320 --- [    Test worker] org.hibernate.SQL                        : 
    drop sequence if exists board_seq
2023-11-16T08:13:51.693+09:00 DEBUG 11320 --- [    Test worker] org.hibernate.SQL                        : 
    create sequence board_seq start with 1 increment by 50
2023-11-16T08:13:51.696+09:00 DEBUG 11320 --- [    Test worker] org.hibernate.SQL                        : 
    create table board (
        created_at date,
        board_id bigint not null,
        classification varchar(255),
        content varchar(255),
        division varchar(255),
        file_path varchar(255),
        title varchar(255),
        user_name varchar(255),
        user_type varchar(255),
        primary key (board_id)
    )
2023-11-16T08:13:51.699+09:00  INFO 11320 --- [    Test worker] j.LocalContainerEntityManagerFactoryBean : Initialized JPA EntityManagerFactory for persistence unit 'default'
2023-11-16T08:13:51.808+09:00  WARN 11320 --- [    Test worker] JpaBaseConfiguration$JpaWebConfiguration : spring.jpa.open-in-view is enabled by default. Therefore, database queries may be performed during view rendering. Explicitly configure spring.jpa.open-in-view to disable this warning
2023-11-16T08:13:51.904+09:00 DEBUG 11320 --- [    Test worker] s.w.s.m.m.a.RequestMappingHandlerAdapter : ControllerAdvice beans: 0 @ModelAttribute, 0 @InitBinder, 1 RequestBodyAdvice, 1 ResponseBodyAdvice
2023-11-16T08:13:51.928+09:00  INFO 11320 --- [    Test worker] o.s.b.a.w.s.WelcomePageHandlerMapping    : Adding welcome page template: index
2023-11-16T08:13:51.961+09:00 DEBUG 11320 --- [    Test worker] s.w.s.m.m.a.RequestMappingHandlerMapping : 3 mappings in 'requestMappingHandlerMapping'
2023-11-16T08:13:51.973+09:00 DEBUG 11320 --- [    Test worker] o.s.w.s.handler.SimpleUrlHandlerMapping  : Patterns [/webjars/**, /**] in 'resourceHandlerMapping'
2023-11-16T08:13:51.978+09:00 DEBUG 11320 --- [    Test worker] .m.m.a.ExceptionHandlerExceptionResolver : ControllerAdvice beans: 0 @ExceptionHandler, 1 ResponseBodyAdvice
2023-11-16T08:13:52.044+09:00  INFO 11320 --- [    Test worker] j.b.jspboard.service.BoardServiceTest    : Started BoardServiceTest in 1.859 seconds (process running for 2.517)
2023-11-16T08:13:52.380+09:00 DEBUG 11320 --- [    Test worker] org.hibernate.SQL                        : 
    select
        next value for board_seq
]]></system-out>
  <system-err><![CDATA[]]></system-err>
</testsuite>
